totalMs,2.2334
swapMs,0.0
totalMs,4.0809
swapMs,0.0
totalMs,13.0145
swapMs,0.0
totalMs,13.3699
swapMs,0.0
totalMs,13.6136
swapMs,0.0
totalMs,13.2788
swapMs,0.0
totalMs,13.3324
swapMs,0.0
totalMs,13.2245
swapMs,0.0
totalMs,13.1375
swapMs,0.0
totalMs,13.1259
swapMs,0.0
totalMs,13.3476
swapMs,0.0
totalMs,13.3376
swapMs,0.0
totalMs,13.3698
swapMs,0.0
totalMs,13.4476
swapMs,0.0
totalMs,13.5269
swapMs,0.0
totalMs,13.5232
swapMs,0.0
totalMs,13.2455
swapMs,0.0
totalMs,13.4649
swapMs,0.0
totalMs,13.0937
swapMs,0.0
totalMs,13.4427
swapMs,0.0
totalMs,13.5472
swapMs,0.0
totalMs,13.3747
swapMs,0.0
totalMs,13.2164
swapMs,0.0
totalMs,13.424
swapMs,0.0
totalMs,13.2145
swapMs,0.0
totalMs,13.3423
swapMs,0.0
totalMs,13.3499
swapMs,0.0
totalMs,13.3529
swapMs,0.0
totalMs,13.2825
swapMs,0.0
totalMs,13.0924
swapMs,0.0
totalMs,13.4152
swapMs,0.0
totalMs,13.0923
swapMs,0.0
totalMs,13.4579
swapMs,0.0
totalMs,13.3769
swapMs,0.0
totalMs,13.3315
swapMs,0.0
totalMs,13.4172
swapMs,0.0
totalMs,13.275
swapMs,0.0
totalMs,13.3448
swapMs,0.0
totalMs,13.2635
swapMs,0.0
totalMs,13.1351
swapMs,0.0
totalMs,13.347
swapMs,0.0
totalMs,13.1076
swapMs,0.0
totalMs,13.608
swapMs,0.0
totalMs,13.5184
swapMs,0.0
totalMs,12.9982
swapMs,0.0
totalMs,13.4672
swapMs,0.0
totalMs,13.5658
swapMs,0.0
totalMs,13.2762
swapMs,0.0
totalMs,13.3579
swapMs,0.0
totalMs,13.2542
swapMs,0.0
totalMs,13.1489
swapMs,0.0
totalMs,13.306
swapMs,0.0
totalMs,13.525
swapMs,0.0
totalMs,13.2786
swapMs,0.0
totalMs,13.3682
swapMs,0.0
totalMs,13.1802
swapMs,0.0
totalMs,13.3384
swapMs,0.0
totalMs,13.4307
swapMs,0.0
totalMs,13.2592
swapMs,0.0
totalMs,13.252
swapMs,0.0
totalMs,13.214
swapMs,0.0
totalMs,13.5282
swapMs,0.0
totalMs,13.2866
swapMs,0.0
totalMs,13.266
swapMs,0.0
totalMs,13.4998
swapMs,0.0
totalMs,13.3673
swapMs,0.0
totalMs,13.2582
swapMs,0.0
totalMs,13.2852
swapMs,0.0
totalMs,13.2443
swapMs,0.0
totalMs,13.3248
swapMs,0.0
totalMs,13.4353
swapMs,0.0
totalMs,13.3176
swapMs,0.0
totalMs,13.2395
swapMs,0.0
totalMs,13.6205
swapMs,0.0
totalMs,13.5975
swapMs,0.0
totalMs,13.0968
swapMs,0.0
totalMs,13.1725
swapMs,0.0
totalMs,13.1907
swapMs,0.0
totalMs,13.48
swapMs,0.0
totalMs,13.376
swapMs,0.0
totalMs,13.1757
swapMs,0.0
totalMs,13.6426
swapMs,0.0
totalMs,13.1023
swapMs,0.0
totalMs,13.4452
swapMs,0.0
totalMs,13.2828
swapMs,0.0
totalMs,13.3475
swapMs,0.0
totalMs,13.3816
swapMs,0.0
totalMs,13.5614
swapMs,0.0
totalMs,13.404
swapMs,0.0
totalMs,13.2611
swapMs,0.0
totalMs,14.2595
swapMs,0.0
totalMs,12.4124
swapMs,0.0
totalMs,13.251
swapMs,0.0
totalMs,13.3468
swapMs,0.0
totalMs,13.2554
swapMs,0.0
totalMs,13.428
swapMs,0.0
totalMs,13.315
swapMs,0.0
totalMs,13.3845
swapMs,0.0
totalMs,13.1147
swapMs,0.0
totalMs,13.3234
swapMs,0.0
totalMs,13.3745
swapMs,0.0
totalMs,13.2614
swapMs,0.0
totalMs,13.3486
swapMs,0.0
totalMs,13.2618
swapMs,0.0
totalMs,13.3351
swapMs,0.0
totalMs,13.5102
swapMs,0.0
totalMs,13.7371
swapMs,0.0
totalMs,13.1217
swapMs,0.0
totalMs,13.2216
swapMs,0.0
totalMs,13.3917
swapMs,0.0
totalMs,13.3467
swapMs,0.0
totalMs,13.6161
swapMs,0.0
totalMs,13.2209
swapMs,0.0
totalMs,13.1618
swapMs,0.0
totalMs,13.4071
swapMs,0.0
totalMs,13.1093
swapMs,0.0
totalMs,13.4761
swapMs,0.0
totalMs,13.2422
swapMs,0.0
totalMs,13.2225
swapMs,0.0
totalMs,13.5274
swapMs,0.0
totalMs,13.1462
swapMs,0.0
totalMs,13.5347
swapMs,0.0
totalMs,13.3897
swapMs,0.0
totalMs,13.4453
swapMs,0.0
totalMs,13.2478
swapMs,0.0
totalMs,13.4923
swapMs,0.0
totalMs,15.1316
swapMs,0.0
totalMs,11.4973
swapMs,0.0
totalMs,13.2544
swapMs,0.0
totalMs,13.2553
swapMs,0.0
totalMs,13.4156
swapMs,0.0
totalMs,13.1514
swapMs,0.0
totalMs,13.2138
swapMs,0.0
totalMs,13.3635
swapMs,0.0
totalMs,13.3823
swapMs,0.0
totalMs,13.2104
swapMs,0.0
totalMs,13.4345
swapMs,0.0
totalMs,13.4227
swapMs,0.0
totalMs,13.5261
swapMs,0.0
totalMs,13.6465
swapMs,0.0
totalMs,13.0381
swapMs,0.0
totalMs,13.2526
swapMs,0.0
totalMs,13.3696
swapMs,0.0
totalMs,13.2481
swapMs,0.0
totalMs,13.5209
swapMs,0.0
totalMs,13.1957
swapMs,0.0
totalMs,13.4146
swapMs,0.0
totalMs,13.1933
swapMs,0.0
totalMs,13.2827
swapMs,0.0
totalMs,13.5696
swapMs,0.0
totalMs,13.1123
swapMs,0.0
totalMs,13.3629
swapMs,0.0
totalMs,13.4269
swapMs,0.0
totalMs,13.4351
swapMs,0.0
totalMs,13.0009
swapMs,0.0
totalMs,13.6726
swapMs,0.0
totalMs,13.6224
swapMs,0.0
totalMs,13.0425
swapMs,0.0
totalMs,13.4186
swapMs,0.0
totalMs,13.4259
swapMs,0.0
totalMs,13.2982
swapMs,0.0
totalMs,13.271
swapMs,0.0
totalMs,13.3859
swapMs,0.0
totalMs,13.1954
swapMs,0.0
totalMs,13.3878
swapMs,0.0
totalMs,13.0046
swapMs,0.0
totalMs,13.5651
swapMs,0.0
totalMs,13.1474
swapMs,0.0
totalMs,13.4339
swapMs,0.0
totalMs,13.3279
swapMs,0.0
totalMs,13.2295
swapMs,0.0
totalMs,13.9489
swapMs,0.0
totalMs,13.1573
swapMs,0.0
totalMs,13.3354
swapMs,0.0
totalMs,13.1955
swapMs,0.0
totalMs,13.391
swapMs,0.0
totalMs,13.3689
swapMs,0.0
totalMs,13.2584
swapMs,0.0
totalMs,13.7077
swapMs,0.0
totalMs,12.9998
swapMs,0.0
totalMs,13.1099
swapMs,0.0
totalMs,13.2402
swapMs,0.0
totalMs,13.3993
swapMs,0.0
totalMs,13.422
swapMs,0.0
totalMs,13.3124
swapMs,0.0
totalMs,13.3024
swapMs,0.0
totalMs,13.2996
swapMs,0.0
totalMs,13.6386
swapMs,0.0
totalMs,13.7038
swapMs,0.0
totalMs,12.9377
swapMs,0.0
totalMs,13.2439
swapMs,0.0
totalMs,13.4041
swapMs,0.0
totalMs,13.1938
swapMs,0.0
totalMs,13.4847
swapMs,0.0
totalMs,13.5224
swapMs,0.0
totalMs,13.2136
swapMs,0.0
totalMs,13.1849
swapMs,0.0
totalMs,13.4249
swapMs,0.0
totalMs,13.2852
swapMs,0.0
totalMs,13.1421
swapMs,0.0
totalMs,13.3144
swapMs,0.0
totalMs,13.4053
swapMs,0.0
totalMs,13.173
swapMs,0.0
totalMs,13.5674
swapMs,0.0
totalMs,13.6132
swapMs,0.0
totalMs,13.3018
swapMs,0.0
totalMs,13.39
swapMs,0.0
totalMs,13.21
swapMs,0.0
totalMs,13.4398
swapMs,0.0
totalMs,13.3116
swapMs,0.0
totalMs,13.0791
swapMs,0.0
totalMs,13.3906
swapMs,0.0
totalMs,13.3941
swapMs,0.0
totalMs,13.2524
swapMs,0.0
totalMs,13.2629
swapMs,0.0
totalMs,13.3624
swapMs,0.0
totalMs,13.4887
swapMs,0.0
totalMs,13.1187
swapMs,0.0
totalMs,13.3773
swapMs,0.0
totalMs,13.5486
swapMs,0.0
totalMs,13.4453
swapMs,0.0
totalMs,13.4383
swapMs,0.0
totalMs,12.9886
swapMs,0.0
totalMs,13.6469
swapMs,0.0
totalMs,13.1819
swapMs,0.0
totalMs,13.2383
swapMs,0.0
totalMs,13.4005
swapMs,0.0
totalMs,13.5696
swapMs,0.0
totalMs,12.9876
swapMs,0.0
totalMs,13.2528
swapMs,0.0
totalMs,13.5332
swapMs,0.0
totalMs,12.9959
swapMs,0.0
totalMs,13.3789
swapMs,0.0
totalMs,13.4645
swapMs,0.0
totalMs,13.3367
swapMs,0.0
totalMs,13.3062
swapMs,0.0
totalMs,13.7931
swapMs,0.0
totalMs,13.2803
swapMs,0.0
totalMs,13.4575
swapMs,0.0
totalMs,12.9963
swapMs,0.0
totalMs,13.2199
swapMs,0.0
totalMs,13.4225
swapMs,0.0
totalMs,13.6664
swapMs,0.0
totalMs,12.9752
swapMs,0.0
totalMs,13.4151
swapMs,0.0
totalMs,13.4148
swapMs,0.0
totalMs,13.0875
swapMs,0.0
totalMs,13.3198
swapMs,0.0
totalMs,13.3706
swapMs,0.0
totalMs,13.1623
swapMs,0.0
totalMs,13.5692
swapMs,0.0
totalMs,13.3835
swapMs,0.0
totalMs,13.9746
swapMs,0.0
totalMs,12.997
swapMs,0.0
totalMs,13.3216
swapMs,0.0
totalMs,13.273
swapMs,0.0
totalMs,13.316
swapMs,0.0
totalMs,13.3203
swapMs,0.0
totalMs,13.4327
swapMs,0.0
totalMs,13.2977
swapMs,0.0
totalMs,13.4142
swapMs,0.0
totalMs,13.3015
swapMs,0.0
totalMs,13.0772
swapMs,0.0
totalMs,13.4181
swapMs,0.0
totalMs,13.263
swapMs,0.0
totalMs,13.3632
swapMs,0.0
totalMs,13.3864
swapMs,0.0
totalMs,13.4172
swapMs,0.0
totalMs,13.3865
swapMs,0.0
totalMs,13.5217
swapMs,0.0
totalMs,13.2592
swapMs,0.0
totalMs,13.2197
swapMs,0.0
totalMs,13.3408
swapMs,0.0
totalMs,13.2407
swapMs,0.0
totalMs,13.2558
swapMs,0.0
totalMs,13.4326
swapMs,0.0
totalMs,13.1628
swapMs,0.0
totalMs,13.2424
swapMs,0.0
totalMs,13.5516
swapMs,0.0
totalMs,13.3295
swapMs,0.0
totalMs,13.1621
swapMs,0.0
totalMs,13.5534
swapMs,0.0
totalMs,13.1741
swapMs,0.0
totalMs,13.309
swapMs,0.0
totalMs,13.7904
swapMs,0.0
totalMs,13.1171
swapMs,0.0
totalMs,13.4068
swapMs,0.0
totalMs,13.1646
swapMs,0.0
totalMs,13.3623
swapMs,0.0
totalMs,13.5084
swapMs,0.0
totalMs,13.1878
swapMs,0.0
totalMs,13.4513
swapMs,0.0
totalMs,13.3722
swapMs,0.0
totalMs,13.0588
swapMs,0.0
totalMs,13.1515
swapMs,0.0
totalMs,13.5245
swapMs,0.0
totalMs,13.2551
swapMs,0.0
totalMs,13.2604
swapMs,0.0
totalMs,13.327
swapMs,0.0
totalMs,13.3382
swapMs,0.0
totalMs,13.7926
swapMs,0.0
totalMs,13.3559
swapMs,0.0
totalMs,13.2614
swapMs,0.0
totalMs,13.2351
swapMs,0.0
totalMs,13.3219
swapMs,0.0
totalMs,13.4345
swapMs,0.0
totalMs,13.2381
swapMs,0.0
totalMs,13.5429
swapMs,0.0
totalMs,13.1733
swapMs,0.0
totalMs,13.3052
swapMs,0.0
totalMs,13.2272
swapMs,0.0
totalMs,13.3143
swapMs,0.0
totalMs,13.3127
swapMs,0.0
totalMs,13.2474
swapMs,0.0
totalMs,13.2784
swapMs,0.0
totalMs,13.3592
swapMs,0.0
totalMs,13.785
swapMs,0.0
totalMs,13.2564
swapMs,0.0
totalMs,13.2441
swapMs,0.0
totalMs,13.4146
swapMs,0.0
totalMs,13.2943
swapMs,0.0
totalMs,13.3705
swapMs,0.0
totalMs,13.4243
swapMs,0.0
totalMs,13.2732
swapMs,0.0
totalMs,13.2584
swapMs,0.0
totalMs,13.321
swapMs,0.0
totalMs,13.2195
swapMs,0.0
totalMs,13.4331
swapMs,0.0
totalMs,13.1887
swapMs,0.0
totalMs,13.2676
swapMs,0.0
totalMs,13.3503
swapMs,0.0
totalMs,13.5588
swapMs,0.0
totalMs,13.3907
swapMs,0.0
totalMs,13.5695
swapMs,0.0
totalMs,13.2491
swapMs,0.0
totalMs,13.1752
swapMs,0.0
totalMs,13.3638
swapMs,0.0
totalMs,13.4308
swapMs,0.0
totalMs,13.21
swapMs,0.0
totalMs,13.2969
swapMs,0.0
totalMs,13.5585
swapMs,0.0
totalMs,13.2053
swapMs,0.0
totalMs,13.8818
swapMs,0.0
totalMs,13.2959
swapMs,0.0
totalMs,13.1504
swapMs,0.0
totalMs,13.3574
swapMs,0.0
totalMs,13.7159
swapMs,0.0
totalMs,12.7809
swapMs,0.0
totalMs,13.2562
swapMs,0.0
totalMs,14.5712
swapMs,0.0
totalMs,13.4699
swapMs,0.0
totalMs,12.0123
swapMs,0.0
totalMs,17.9019
swapMs,0.0
totalMs,9.7468
swapMs,0.0
totalMs,12.2688
swapMs,0.0
totalMs,13.1995
swapMs,0.0
totalMs,13.5783
swapMs,0.0
totalMs,13.4886
swapMs,0.0
totalMs,13.3073
swapMs,0.0
totalMs,13.449
swapMs,0.0
totalMs,12.96
swapMs,0.0
totalMs,13.2357
swapMs,0.0
totalMs,13.3012
swapMs,0.0
totalMs,13.4452
swapMs,0.0
totalMs,13.3184
swapMs,0.0
totalMs,13.3459
swapMs,0.0
totalMs,13.4257
swapMs,0.0
totalMs,13.1214
swapMs,0.0
totalMs,13.2286
swapMs,0.0
totalMs,13.3542
swapMs,0.0
totalMs,13.3938
swapMs,0.0
totalMs,13.4496
swapMs,0.0
totalMs,13.2367
swapMs,0.0
totalMs,13.8379
swapMs,0.0
totalMs,12.9833
swapMs,0.0
totalMs,13.6271
swapMs,0.0
totalMs,13.1671
swapMs,0.0
totalMs,13.4449
swapMs,0.0
totalMs,13.1055
swapMs,0.0
totalMs,13.2982
swapMs,0.0
totalMs,13.5496
swapMs,0.0
totalMs,13.1185
swapMs,0.0
totalMs,13.3931
swapMs,0.0
totalMs,13.3416
swapMs,0.0
totalMs,13.4072
swapMs,0.0
totalMs,13.3137
swapMs,0.0
totalMs,13.0089
swapMs,0.0
totalMs,13.5357
swapMs,0.0
totalMs,13.0762
swapMs,0.0
totalMs,13.6968
swapMs,0.0
totalMs,13.3589
swapMs,0.0
totalMs,13.3644
swapMs,0.0
totalMs,13.1297
swapMs,0.0
totalMs,13.4929
swapMs,0.0
totalMs,13.2219
swapMs,0.0
totalMs,13.3785
swapMs,0.0
totalMs,13.4404
swapMs,0.0
totalMs,13.351
swapMs,0.0
totalMs,13.1275
swapMs,0.0
totalMs,13.2921
swapMs,0.0
totalMs,13.247
swapMs,0.0
totalMs,13.3229
swapMs,0.0
totalMs,13.4225
swapMs,0.0
totalMs,13.7498
swapMs,0.0
totalMs,13.2589
swapMs,0.0
totalMs,13.182
swapMs,0.0
totalMs,13.204
swapMs,0.0
totalMs,13.2044
swapMs,0.0
totalMs,13.416
swapMs,0.0
totalMs,13.2979
swapMs,0.0
totalMs,13.2999
swapMs,0.0
totalMs,13.4112
swapMs,0.0
totalMs,13.3717
swapMs,0.0
totalMs,13.4108
swapMs,0.0
totalMs,13.1644
swapMs,0.0
totalMs,13.4543
swapMs,0.0
totalMs,13.3537
swapMs,0.0
totalMs,13.2989
swapMs,0.0
totalMs,13.3242
swapMs,0.0
totalMs,13.4037
swapMs,0.0
totalMs,13.2727
swapMs,0.0
totalMs,13.472
swapMs,0.0
totalMs,13.4989
swapMs,0.0
totalMs,13.3687
swapMs,0.0
totalMs,13.0779
swapMs,0.0
totalMs,13.4457
swapMs,0.0
totalMs,13.2253
swapMs,0.0
totalMs,13.252
swapMs,0.0
totalMs,13.5553
swapMs,0.0
totalMs,13.1989
swapMs,0.0
totalMs,13.4318
swapMs,0.0
totalMs,13.1725
swapMs,0.0
totalMs,13.418
swapMs,0.0
totalMs,13.2955
swapMs,0.0
totalMs,13.2418
swapMs,0.0
totalMs,13.5409
swapMs,0.0
totalMs,13.2525
swapMs,0.0
totalMs,13.2112
swapMs,0.0
totalMs,13.703
swapMs,0.0
totalMs,13.0743
swapMs,0.0
totalMs,13.4402
swapMs,0.0
totalMs,13.2815
swapMs,0.0
totalMs,13.187
swapMs,0.0
totalMs,13.4092
swapMs,0.0
totalMs,13.2625
swapMs,0.0
totalMs,13.3457
swapMs,0.0
totalMs,13.4972
swapMs,0.0
totalMs,13.3173
swapMs,0.0
totalMs,13.2211
swapMs,0.0
totalMs,13.2841
swapMs,0.0
totalMs,13.4686
swapMs,0.0
totalMs,13.3129
swapMs,0.0
totalMs,13.3396
swapMs,0.0
totalMs,13.2901
swapMs,0.0
totalMs,13.3452
swapMs,0.0
totalMs,13.3355
swapMs,0.0
totalMs,13.2894
swapMs,0.0
totalMs,13.4574
swapMs,0.0
totalMs,13.4152
swapMs,0.0
totalMs,13.283
swapMs,0.0
totalMs,13.2896
swapMs,0.0
totalMs,13.542
swapMs,0.0
totalMs,13.1312
swapMs,0.0
totalMs,13.2616
swapMs,0.0
totalMs,13.285
swapMs,0.0
totalMs,13.438
swapMs,0.0
totalMs,13.2614
swapMs,0.0
totalMs,13.313
swapMs,0.0
totalMs,13.4594
swapMs,0.0
totalMs,13.316
swapMs,0.0
totalMs,13.3147
swapMs,0.0
totalMs,13.2827
swapMs,0.0
totalMs,13.3308
swapMs,0.0
totalMs,13.3511
swapMs,0.0
totalMs,13.5236
swapMs,0.0
totalMs,13.2736
swapMs,0.0
totalMs,13.305
swapMs,0.0
totalMs,13.3044
swapMs,0.0
totalMs,13.2857
swapMs,0.0
totalMs,13.4356
swapMs,0.0
totalMs,13.3153
swapMs,0.0
totalMs,13.3104
swapMs,0.0
totalMs,13.2957
swapMs,0.0
totalMs,13.444
swapMs,0.0
totalMs,13.1499
swapMs,0.0
totalMs,13.3737
swapMs,0.0
totalMs,13.4084
swapMs,0.0
totalMs,13.2819
swapMs,0.0
totalMs,13.5667
swapMs,0.0
totalMs,13.2282
swapMs,0.0
totalMs,13.3511
swapMs,0.0
totalMs,13.4162
swapMs,0.0
totalMs,13.2625
swapMs,0.0
totalMs,13.3232
swapMs,0.0
totalMs,13.3349
swapMs,0.0
totalMs,13.3897
swapMs,0.0
totalMs,13.1859
swapMs,0.0
totalMs,13.4166
swapMs,0.0
totalMs,13.3158
swapMs,0.0
totalMs,13.2372
swapMs,0.0
totalMs,13.4763
swapMs,0.0
totalMs,13.533
swapMs,0.0
totalMs,13.1375
swapMs,0.0
totalMs,13.6707
swapMs,0.0
totalMs,13.3709
swapMs,0.0
totalMs,13.2467
swapMs,0.0
totalMs,13.3998
swapMs,0.0
totalMs,13.0021
swapMs,0.0
totalMs,13.3782
swapMs,0.0
totalMs,13.4148
swapMs,0.0
totalMs,13.2221
swapMs,0.0
totalMs,13.3219
swapMs,0.0
totalMs,13.3275
swapMs,0.0
totalMs,13.239
swapMs,0.0
totalMs,13.4262
swapMs,0.0
totalMs,13.3406
swapMs,0.0
totalMs,13.3314
swapMs,0.0
totalMs,13.7906
swapMs,0.0
totalMs,12.966
swapMs,0.0
totalMs,13.4387
swapMs,0.0
totalMs,13.4387
swapMs,0.0
totalMs,13.1767
swapMs,0.0
totalMs,13.3515
swapMs,0.0
totalMs,13.2612
swapMs,0.0
totalMs,13.3768
swapMs,0.0
totalMs,13.5815
swapMs,0.0
totalMs,13.778
swapMs,0.0
totalMs,12.7956
swapMs,0.0
totalMs,13.5193
swapMs,0.0
totalMs,13.4077
swapMs,0.0
totalMs,13.2553
swapMs,0.0
totalMs,13.4443
swapMs,0.0
totalMs,13.0314
swapMs,0.0
totalMs,13.4454
swapMs,0.0
totalMs,13.2242
swapMs,0.0
totalMs,13.3443
swapMs,0.0
totalMs,13.2997
swapMs,0.0
totalMs,13.2046
swapMs,0.0
totalMs,13.4597
swapMs,0.0
totalMs,13.1413
swapMs,0.0
totalMs,13.3575
swapMs,0.0
totalMs,13.3909
swapMs,0.0
totalMs,13.2966
swapMs,0.0
totalMs,13.3041
swapMs,0.0
totalMs,13.3607
swapMs,0.0
totalMs,13.3802
swapMs,0.0
totalMs,13.2498
swapMs,0.0
totalMs,13.3953
swapMs,0.0
totalMs,13.2971
swapMs,0.0
totalMs,13.335
swapMs,0.0
totalMs,13.4871
swapMs,0.0
totalMs,13.235
swapMs,0.0
totalMs,13.3211
swapMs,0.0
totalMs,13.4622
swapMs,0.0
totalMs,13.5859
swapMs,0.0
totalMs,13.1444
swapMs,0.0
totalMs,13.3607
swapMs,0.0
totalMs,13.4071
swapMs,0.0
totalMs,13.3448
swapMs,0.0
totalMs,13.2088
swapMs,0.0
totalMs,13.2872
swapMs,0.0
totalMs,13.5847
swapMs,0.0
totalMs,13.6623
swapMs,0.0
totalMs,12.7426
swapMs,0.0
totalMs,13.3529
swapMs,0.0
totalMs,13.4794
swapMs,0.0
totalMs,13.1024
swapMs,0.0
totalMs,13.3426
swapMs,0.0
totalMs,13.4842
swapMs,0.0
totalMs,13.388
swapMs,0.0
totalMs,13.0692
swapMs,0.0
totalMs,13.4823
swapMs,0.0
totalMs,13.345
swapMs,0.0
totalMs,13.195
swapMs,0.0
totalMs,13.5394
swapMs,0.0
totalMs,13.2295
swapMs,0.0
totalMs,13.2314
swapMs,0.0
totalMs,13.7145
swapMs,0.0
totalMs,13.2532
swapMs,0.0
totalMs,13.6369
swapMs,0.0
totalMs,13.2818
swapMs,0.0
totalMs,13.9847
swapMs,0.0
totalMs,12.8123
swapMs,0.0
totalMs,12.9973
swapMs,0.0
totalMs,13.3092
swapMs,0.0
totalMs,13.5738
swapMs,0.0
totalMs,13.0573
swapMs,0.0
totalMs,13.3688
swapMs,0.0
totalMs,13.3131
swapMs,0.0
totalMs,13.373
swapMs,0.0
totalMs,13.3609
swapMs,0.0
totalMs,13.6797
swapMs,0.0
totalMs,12.9184
swapMs,0.0
totalMs,13.2808
swapMs,0.0
totalMs,13.6725
swapMs,0.0
totalMs,13.1813
swapMs,0.0
totalMs,13.5951
swapMs,0.0
totalMs,13.1125
swapMs,0.0
totalMs,13.2085
swapMs,0.0
totalMs,13.5218
swapMs,0.0
totalMs,13.6953
swapMs,0.0
totalMs,13.1032
swapMs,0.0
totalMs,13.3087
swapMs,0.0
totalMs,13.3235
swapMs,0.0
totalMs,13.3226
swapMs,0.0
totalMs,13.5584
swapMs,0.0
totalMs,13.1736
swapMs,0.0
totalMs,13.0699
swapMs,0.0
totalMs,13.4265
swapMs,0.0
totalMs,13.3533
swapMs,0.0
totalMs,13.2692
swapMs,0.0
totalMs,13.4448
swapMs,0.0
totalMs,13.1874
swapMs,0.0
totalMs,13.2782
swapMs,0.0
totalMs,13.0896
swapMs,0.0
totalMs,13.4535
swapMs,0.0
totalMs,13.303
swapMs,0.0
totalMs,13.2535
swapMs,0.0
totalMs,13.455
swapMs,0.0
totalMs,13.3601
swapMs,0.0
totalMs,13.1922
swapMs,0.0
totalMs,13.4801
swapMs,0.0
totalMs,13.3751
swapMs,0.0
totalMs,13.2998
swapMs,0.0
totalMs,13.3318
swapMs,0.0
totalMs,13.402
swapMs,0.0
totalMs,13.4281
swapMs,0.0
totalMs,13.2174
swapMs,0.0
totalMs,13.3049
swapMs,0.0
totalMs,13.4449
swapMs,0.0
totalMs,13.3896
swapMs,0.0
totalMs,13.2828
swapMs,0.0
totalMs,13.6197
swapMs,0.0
totalMs,13.2414
swapMs,0.0
totalMs,13.1171
swapMs,0.0
totalMs,13.2407
swapMs,0.0
totalMs,13.2862
swapMs,0.0
totalMs,13.3982
swapMs,0.0
totalMs,13.4633
swapMs,0.0
totalMs,13.2235
swapMs,0.0
totalMs,13.3935
swapMs,0.0
totalMs,13.3174
swapMs,0.0
totalMs,13.3711
swapMs,0.0
totalMs,13.3491
swapMs,0.0
totalMs,13.4263
swapMs,0.0
totalMs,13.3737
swapMs,0.0
totalMs,13.1824
swapMs,0.0
totalMs,13.3181
swapMs,0.0
totalMs,13.2935
swapMs,0.0
totalMs,13.7876
swapMs,0.0
totalMs,13.0597
swapMs,0.0
totalMs,13.3033
swapMs,0.0
totalMs,13.4457
swapMs,0.0
totalMs,13.272
swapMs,0.0
totalMs,13.2695
swapMs,0.0
totalMs,13.6038
swapMs,0.0
totalMs,13.038
swapMs,0.0
totalMs,13.5358
swapMs,0.0
totalMs,13.1247
swapMs,0.0
totalMs,13.4475
swapMs,0.0
totalMs,13.3177
swapMs,0.0
totalMs,13.2568
swapMs,0.0
totalMs,13.2682
swapMs,0.0
totalMs,13.2846
swapMs,0.0
totalMs,13.4518
swapMs,0.0
totalMs,13.216
swapMs,0.0
totalMs,13.517
swapMs,0.0
totalMs,13.3089
swapMs,0.0
totalMs,13.4261
swapMs,0.0
totalMs,13.1653
swapMs,0.0
totalMs,13.3857
swapMs,0.0
totalMs,13.4009
swapMs,0.0
totalMs,13.2713
swapMs,0.0
totalMs,13.2586
swapMs,0.0
totalMs,13.5368
swapMs,0.0
totalMs,13.2587
swapMs,0.0
totalMs,13.1983
swapMs,0.0
totalMs,13.6794
swapMs,0.0
totalMs,13.1126
swapMs,0.0
totalMs,13.3334
swapMs,0.0
totalMs,13.4955
swapMs,0.0
totalMs,13.3065
swapMs,0.0
totalMs,13.171
swapMs,0.0
totalMs,13.5297
swapMs,0.0
totalMs,13.2074
swapMs,0.0
totalMs,13.2287
swapMs,0.0
totalMs,13.551
swapMs,0.0
totalMs,13.2516
swapMs,0.0
totalMs,13.2927
swapMs,0.0
totalMs,13.3174
swapMs,0.0
totalMs,13.3759
swapMs,0.0
totalMs,13.3003
swapMs,0.0
totalMs,13.4054
swapMs,0.0
totalMs,13.2968
swapMs,0.0
totalMs,13.3583
swapMs,0.0
totalMs,13.3413
swapMs,0.0
totalMs,13.1987
swapMs,0.0
totalMs,13.2887
swapMs,0.0
totalMs,13.4298
swapMs,0.0
totalMs,13.2981
swapMs,0.0
totalMs,13.4022
swapMs,0.0
totalMs,13.4295
swapMs,0.0
totalMs,13.3089
swapMs,0.0
totalMs,13.244
swapMs,0.0
totalMs,13.3978
swapMs,0.0
totalMs,13.369
swapMs,0.0
totalMs,13.2724
swapMs,0.0
totalMs,13.3558
swapMs,0.0
totalMs,13.3693
swapMs,0.0
totalMs,13.296
swapMs,0.0
totalMs,13.2929
swapMs,0.0
totalMs,13.2863
swapMs,0.0
totalMs,141.4785
swapMs,0.0
totalMs,0.616
swapMs,0.0
totalMs,5.3223
swapMs,0.0
totalMs,12.923
swapMs,0.0
totalMs,13.3205
swapMs,0.0
totalMs,13.261
swapMs,0.0
totalMs,13.3372
swapMs,0.0
totalMs,13.9167
swapMs,0.0
totalMs,13.3484
swapMs,0.0
totalMs,13.0415
swapMs,0.0
totalMs,13.1423
swapMs,0.0
totalMs,13.3462
swapMs,0.0
totalMs,13.7746
swapMs,0.0
totalMs,12.8339
swapMs,0.0
totalMs,13.1297
swapMs,0.0
totalMs,13.465
swapMs,0.0
totalMs,13.5267
swapMs,0.0
totalMs,13.1219
swapMs,0.0
totalMs,13.1639
swapMs,0.0
totalMs,13.4385
swapMs,0.0
totalMs,13.3338
swapMs,0.0
totalMs,13.2569
swapMs,0.0
totalMs,13.5434
swapMs,0.0
totalMs,13.1112
swapMs,0.0
totalMs,13.7914
swapMs,0.0
totalMs,13.0955
swapMs,0.0
totalMs,13.3722
swapMs,0.0
totalMs,13.2144
swapMs,0.0
totalMs,13.4548
swapMs,0.0
totalMs,13.1922
swapMs,0.0
totalMs,13.273
swapMs,0.0
totalMs,13.4916
swapMs,0.0
totalMs,13.3004
swapMs,0.0
totalMs,13.3454
swapMs,0.0
totalMs,13.365
swapMs,0.0
totalMs,13.2587
swapMs,0.0
totalMs,13.4759
swapMs,0.0
totalMs,13.2062
swapMs,0.0
totalMs,13.4561
swapMs,0.0
totalMs,13.1896
swapMs,0.0
totalMs,13.3436
swapMs,0.0
totalMs,13.3992
swapMs,0.0
totalMs,13.3561
swapMs,0.0
totalMs,13.2802
swapMs,0.0
totalMs,13.4202
swapMs,0.0
totalMs,13.2298
swapMs,0.0
totalMs,13.2965
swapMs,0.0
totalMs,13.458
swapMs,0.0
totalMs,13.4056
swapMs,0.0
totalMs,13.3602
swapMs,0.0
totalMs,13.138
swapMs,0.0
totalMs,13.393
swapMs,0.0
totalMs,13.308
swapMs,0.0
totalMs,13.3243
swapMs,0.0
totalMs,13.3271
swapMs,0.0
totalMs,13.2926
swapMs,0.0
totalMs,13.9013
swapMs,0.0
totalMs,13.0137
swapMs,0.0
totalMs,13.271
swapMs,0.0
totalMs,13.264
swapMs,0.0
totalMs,13.4132
swapMs,0.0
totalMs,13.3502
swapMs,0.0
totalMs,13.3166
swapMs,0.0
totalMs,13.3286
swapMs,0.0
totalMs,13.3452
swapMs,0.0
totalMs,13.2847
swapMs,0.0
totalMs,13.4306
swapMs,0.0
totalMs,13.2407
swapMs,0.0
totalMs,13.556
swapMs,0.0
totalMs,13.4239
swapMs,0.0
totalMs,13.2718
swapMs,0.0
totalMs,13.153
swapMs,0.0
totalMs,13.6733
swapMs,0.0
totalMs,13.239
swapMs,0.0
totalMs,12.9984
swapMs,0.0
totalMs,13.493
swapMs,0.0
totalMs,13.4105
swapMs,0.0
totalMs,13.4822
swapMs,0.0
totalMs,13.0905
swapMs,0.0
totalMs,13.4634
swapMs,0.0
totalMs,13.3513
swapMs,0.0
totalMs,13.2528
swapMs,0.0
totalMs,13.2765
swapMs,0.0
totalMs,13.6534
swapMs,0.0
totalMs,13.0622
swapMs,0.0
totalMs,13.2173
swapMs,0.0
totalMs,13.3527
swapMs,0.0
totalMs,13.6816
swapMs,0.0
totalMs,13.3409
swapMs,0.0
totalMs,13.2792
swapMs,0.0
totalMs,13.329
swapMs,0.0
totalMs,13.1563
swapMs,0.0
totalMs,13.2855
swapMs,0.0
totalMs,13.1405
swapMs,0.0
totalMs,13.478
swapMs,0.0
totalMs,13.4005
swapMs,0.0
totalMs,13.274
swapMs,0.0
totalMs,13.7195
swapMs,0.0
totalMs,12.8989
swapMs,0.0
totalMs,14.1075
swapMs,0.0
totalMs,13.3184
swapMs,0.0
totalMs,12.7
swapMs,0.0
totalMs,13.9458
swapMs,0.0
totalMs,12.6802
swapMs,0.0
totalMs,13.2833
swapMs,0.0
totalMs,13.2551
swapMs,0.0
totalMs,13.333
swapMs,0.0
totalMs,13.5063
swapMs,0.0
totalMs,13.3546
swapMs,0.0
totalMs,13.1898
swapMs,0.0
totalMs,13.3624
swapMs,0.0
totalMs,13.5184
swapMs,0.0
totalMs,13.3289
swapMs,0.0
totalMs,13.2254
swapMs,0.0
totalMs,13.2456
swapMs,0.0
totalMs,13.3583
swapMs,0.0
totalMs,13.3913
swapMs,0.0
totalMs,13.4477
swapMs,0.0
totalMs,13.257
swapMs,0.0
totalMs,13.3094
swapMs,0.0
totalMs,13.3216
swapMs,0.0
totalMs,13.4812
swapMs,0.0
totalMs,13.4061
swapMs,0.0
totalMs,13.2266
swapMs,0.0
totalMs,13.2465
swapMs,0.0
totalMs,13.5218
swapMs,0.0
totalMs,13.2318
swapMs,0.0
totalMs,13.225
swapMs,0.0
totalMs,13.5962
swapMs,0.0
totalMs,13.1461
swapMs,0.0
totalMs,13.3001
swapMs,0.0
totalMs,13.3556
swapMs,0.0
totalMs,13.433
swapMs,0.0
totalMs,13.3094
swapMs,0.0
totalMs,13.2749
swapMs,0.0
totalMs,13.422
swapMs,0.0
totalMs,13.2366
swapMs,0.0
totalMs,13.4773
swapMs,0.0
totalMs,13.4613
swapMs,0.0
totalMs,13.2103
swapMs,0.0
totalMs,13.2137
swapMs,0.0
totalMs,13.4259
swapMs,0.0
totalMs,13.2872
swapMs,0.0
totalMs,13.3047
swapMs,0.0
totalMs,13.4219
swapMs,0.0
totalMs,13.2807
swapMs,0.0
totalMs,13.3794
swapMs,0.0
totalMs,13.3887
swapMs,0.0
totalMs,13.3221
swapMs,0.0
totalMs,13.235
swapMs,0.0
totalMs,13.2871
swapMs,0.0
totalMs,13.3318
swapMs,0.0
totalMs,13.3203
swapMs,0.0
totalMs,13.5503
swapMs,0.0
totalMs,13.1937
swapMs,0.0
totalMs,13.3643
swapMs,0.0
totalMs,13.3822
swapMs,0.0
totalMs,13.2257
swapMs,0.0
totalMs,13.3698
swapMs,0.0
totalMs,13.5895
swapMs,0.0
totalMs,13.1854
swapMs,0.0
totalMs,13.4256
swapMs,0.0
totalMs,13.2714
swapMs,0.0
totalMs,13.4891
swapMs,0.0
totalMs,13.3027
swapMs,0.0
totalMs,13.2327
swapMs,0.0
totalMs,13.4029
swapMs,0.0
totalMs,13.3028
swapMs,0.0
totalMs,13.3107
swapMs,0.0
totalMs,13.3053
swapMs,0.0
totalMs,13.2841
swapMs,0.0
totalMs,13.6482
swapMs,0.0
totalMs,13.006
swapMs,0.0
totalMs,13.4044
swapMs,0.0
totalMs,13.3074
swapMs,0.0
totalMs,13.4903
swapMs,0.0
totalMs,13.2863
swapMs,0.0
totalMs,13.2876
swapMs,0.0
totalMs,13.4373
swapMs,0.0
totalMs,13.234
swapMs,0.0
totalMs,13.3009
swapMs,0.0
totalMs,13.3576
swapMs,0.0
totalMs,13.5163
swapMs,0.0
totalMs,13.2695
swapMs,0.0
totalMs,13.2288
swapMs,0.0
totalMs,13.2623
swapMs,0.0
totalMs,13.4211
swapMs,0.0
totalMs,13.2819
swapMs,0.0
totalMs,13.2784
swapMs,0.0
totalMs,13.4794
swapMs,0.0
totalMs,13.1867
swapMs,0.0
totalMs,13.3193
swapMs,0.0
totalMs,13.4496
swapMs,0.0
totalMs,13.3307
swapMs,0.0
totalMs,13.2552
swapMs,0.0
totalMs,13.4008
swapMs,0.0
totalMs,13.4086
swapMs,0.0
totalMs,13.2827
swapMs,0.0
totalMs,13.2565
swapMs,0.0
totalMs,13.3078
swapMs,0.0
totalMs,13.4484
swapMs,0.0
totalMs,13.3188
swapMs,0.0
totalMs,13.2552
swapMs,0.0
totalMs,13.374
swapMs,0.0
totalMs,13.4891
swapMs,0.0
totalMs,13.2357
swapMs,0.0
totalMs,13.4072
swapMs,0.0
totalMs,13.4249
swapMs,0.0
totalMs,13.0935
swapMs,0.0
totalMs,13.3838
swapMs,0.0
totalMs,13.3751
swapMs,0.0
totalMs,13.3507
swapMs,0.0
totalMs,13.274
swapMs,0.0
totalMs,13.5755
swapMs,0.0
totalMs,13.0912
swapMs,0.0
totalMs,13.3196
swapMs,0.0
totalMs,13.335
swapMs,0.0
totalMs,13.3281
swapMs,0.0
totalMs,13.3398
swapMs,0.0
totalMs,13.4128
swapMs,0.0
totalMs,13.3912
swapMs,0.0
totalMs,13.2044
swapMs,0.0
totalMs,13.3317
swapMs,0.0
totalMs,13.421
swapMs,0.0
totalMs,13.4666
swapMs,0.0
totalMs,13.1343
swapMs,0.0
totalMs,13.4867
swapMs,0.0
totalMs,13.5681
swapMs,0.0
totalMs,13.431
swapMs,0.0
totalMs,12.9452
swapMs,0.0
totalMs,13.399
swapMs,0.0
